[TRACE] * 
[TRACE] │ .
[TRACE] │ ----->
[TRACE] └ ############
[TRACE] :  + App::new()
[TRACE] : runner::execute()..
[DEBUG] : Loaded 809 mappings.
[ WARN] : unprocessed Action <TranslateRawEvent(Resize(165, 42))>
[TRACE] : Original event: Event { id: 0, event: Connected, time: SystemTime { intervals: 133817872698719731 } }
[ WARN] : unprocessed Action <ProcessMainGamepadInput(Gamepad { id: GamepadId(0), connected: true, pressed_bits: 0, axes: [0.0, 0.0, 0.0, 0.0], just_pressed_bits: 0 })>
[ WARN] : unprocessed Action <Tick>
[ WARN] : unprocessed Action <ProcessMainGamepadInput(Gamepad { id: GamepadId(0), connected: true, pressed_bits: 0, axes: [0.0, 0.0, 0.0, 0.0], just_pressed_bits: 0 })>
[ WARN] : unprocessed Action <Tick>
[ WARN] : unprocessed Action <ProcessMainGamepadInput(Gamepad { id: GamepadId(0), connected: true, pressed_bits: 0, axes: [0.0, 0.0, 0.0, 0.0], just_pressed_bits: 0 })>
[ WARN] : unprocessed Action <Tick>
[ WARN] : unprocessed Action <ProcessMainGamepadInput(Gamepad { id: GamepadId(0), connected: true, pressed_bits: 0, axes: [0.0, 0.0, 0.0, 0.0], just_pressed_bits: 0 })>
[ WARN] : unprocessed Action <Tick>
[ WARN] : unprocessed Action <ProcessMainGamepadInput(Gamepad { id: GamepadId(0), connected: true, pressed_bits: 0, axes: [0.0, 0.0, 0.0, 0.0], just_pressed_bits: 0 })>
[ WARN] : unprocessed Action <Tick>
[ WARN] : unprocessed Action <ProcessMainGamepadInput(Gamepad { id: GamepadId(0), connected: true, pressed_bits: 0, axes: [0.0, 0.0, 0.0, 0.0], just_pressed_bits: 0 })>
[ WARN] : unprocessed Action <Tick>
[ WARN] : unprocessed Action <ProcessMainGamepadInput(Gamepad { id: GamepadId(0), connected: true, pressed_bits: 0, axes: [0.0, 0.0, 0.0, 0.0], just_pressed_bits: 0 })>
[ WARN] : unprocessed Action <Tick>
[ WARN] : unprocessed Action <ProcessMainGamepadInput(Gamepad { id: GamepadId(0), connected: true, pressed_bits: 0, axes: [0.0, 0.0, 0.0, 0.0], just_pressed_bits: 0 })>
[ WARN] : unprocessed Action <Tick>
[ WARN] : unprocessed Action <ProcessMainGamepadInput(Gamepad { id: GamepadId(0), connected: true, pressed_bits: 0, axes: [0.0, 0.0, 0.0, 0.0], just_pressed_bits: 0 })>
[ WARN] : unprocessed Action <Tick>
[ WARN] : unprocessed Action <ProcessMainGamepadInput(Gamepad { id: GamepadId(0), connected: true, pressed_bits: 0, axes: [0.0, 0.0, 0.0, 0.0], just_pressed_bits: 0 })>
[ WARN] : unprocessed Action <Tick>
[ WARN] : unprocessed Action <ProcessMainGamepadInput(Gamepad { id: GamepadId(0), connected: true, pressed_bits: 0, axes: [0.0, 0.0, 0.0, 0.0], just_pressed_bits: 0 })>
[ WARN] : unprocessed Action <Tick>
[ WARN] : unprocessed Action <ProcessMainGamepadInput(Gamepad { id: GamepadId(0), connected: true, pressed_bits: 0, axes: [0.0, 0.0, 0.0, 0.0], just_pressed_bits: 0 })>
[ WARN] : unprocessed Action <Tick>
[ WARN] : unprocessed Action <ProcessMainGamepadInput(Gamepad { id: GamepadId(0), connected: true, pressed_bits: 0, axes: [0.0, 0.0, 0.0, 0.0], just_pressed_bits: 0 })>
[ WARN] : unprocessed Action <Tick>
[ WARN] : unprocessed Action <TranslateRawEvent(Key(KeyEvent { code: Char('d'), modifiers: KeyModifiers(0x0), kind: Press, state: KeyEventState(0x0) }))>
[ WARN] : unprocessed Action <TranslateRawEvent(Key(KeyEvent { code: Char('d'), modifiers: KeyModifiers(0x0), kind: Release, state: KeyEventState(0x0) }))>
[ WARN] : unprocessed Action <ProcessMainGamepadInput(Gamepad { id: GamepadId(0), connected: true, pressed_bits: 0, axes: [0.0, 0.0, 0.0, 0.0], just_pressed_bits: 0 })>
[ WARN] : unprocessed Action <Tick>
[ WARN] : unprocessed Action <ProcessMainGamepadInput(Gamepad { id: GamepadId(0), connected: true, pressed_bits: 0, axes: [0.0, 0.0, 0.0, 0.0], just_pressed_bits: 0 })>
[ WARN] : unprocessed Action <Tick>
[ WARN] : unprocessed Action <ProcessMainGamepadInput(Gamepad { id: GamepadId(0), connected: true, pressed_bits: 0, axes: [0.0, 0.0, 0.0, 0.0], just_pressed_bits: 0 })>
[ WARN] : unprocessed Action <Tick>
[ WARN] : unprocessed Action <ProcessMainGamepadInput(Gamepad { id: GamepadId(0), connected: true, pressed_bits: 0, axes: [0.0, 0.0, 0.0, 0.0], just_pressed_bits: 0 })>
[ WARN] : unprocessed Action <Tick>
[ WARN] : unprocessed Action <ProcessMainGamepadInput(Gamepad { id: GamepadId(0), connected: true, pressed_bits: 0, axes: [0.0, 0.0, 0.0, 0.0], just_pressed_bits: 0 })>
[ WARN] : unprocessed Action <Tick>
[ WARN] : unprocessed Action <TranslateRawEvent(Key(KeyEvent { code: Char('f'), modifiers: KeyModifiers(0x0), kind: Press, state: KeyEventState(0x0) }))>
[ WARN] : unprocessed Action <TranslateRawEvent(Key(KeyEvent { code: Char('f'), modifiers: KeyModifiers(0x0), kind: Release, state: KeyEventState(0x0) }))>
[ WARN] : unprocessed Action <ProcessMainGamepadInput(Gamepad { id: GamepadId(0), connected: true, pressed_bits: 0, axes: [0.0, 0.0, 0.0, 0.0], just_pressed_bits: 0 })>
[ WARN] : unprocessed Action <Tick>
[ WARN] : unprocessed Action <ProcessMainGamepadInput(Gamepad { id: GamepadId(0), connected: true, pressed_bits: 0, axes: [0.0, 0.0, 0.0, 0.0], just_pressed_bits: 0 })>
[ WARN] : unprocessed Action <Tick>
[ WARN] : unprocessed Action <TranslateRawEvent(Key(KeyEvent { code: Char('d'), modifiers: KeyModifiers(0x0), kind: Press, state: KeyEventState(0x0) }))>
[ WARN] : unprocessed Action <TranslateRawEvent(Key(KeyEvent { code: Char('d'), modifiers: KeyModifiers(0x0), kind: Release, state: KeyEventState(0x0) }))>
[ WARN] : unprocessed Action <ProcessMainGamepadInput(Gamepad { id: GamepadId(0), connected: true, pressed_bits: 0, axes: [0.0, 0.0, 0.0, 0.0], just_pressed_bits: 0 })>
[ WARN] : unprocessed Action <Tick>
[ WARN] : unprocessed Action <ProcessMainGamepadInput(Gamepad { id: GamepadId(0), connected: true, pressed_bits: 0, axes: [0.0, 0.0, 0.0, 0.0], just_pressed_bits: 0 })>
[ WARN] : unprocessed Action <Tick>
[ WARN] : unprocessed Action <TranslateRawEvent(Key(KeyEvent { code: Char('a'), modifiers: KeyModifiers(0x0), kind: Press, state: KeyEventState(0x0) }))>
[ WARN] : unprocessed Action <TranslateRawEvent(Key(KeyEvent { code: Char('a'), modifiers: KeyModifiers(0x0), kind: Release, state: KeyEventState(0x0) }))>
[ WARN] : unprocessed Action <ProcessMainGamepadInput(Gamepad { id: GamepadId(0), connected: true, pressed_bits: 0, axes: [0.0, 0.0, 0.0, 0.0], just_pressed_bits: 0 })>
[ WARN] : unprocessed Action <Tick>
[ WARN] : unprocessed Action <ProcessMainGamepadInput(Gamepad { id: GamepadId(0), connected: true, pressed_bits: 0, axes: [0.0, 0.0, 0.0, 0.0], just_pressed_bits: 0 })>
[ WARN] : unprocessed Action <Tick>
[ WARN] : unprocessed Action <TranslateRawEvent(Key(KeyEvent { code: Char('s'), modifiers: KeyModifiers(0x0), kind: Press, state: KeyEventState(0x0) }))>
[ WARN] : unprocessed Action <TranslateRawEvent(Key(KeyEvent { code: Char('s'), modifiers: KeyModifiers(0x0), kind: Release, state: KeyEventState(0x0) }))>
[ WARN] : unprocessed Action <ProcessMainGamepadInput(Gamepad { id: GamepadId(0), connected: true, pressed_bits: 0, axes: [0.0, 0.0, 0.0, 0.0], just_pressed_bits: 0 })>
[ WARN] : unprocessed Action <Tick>
[ WARN] : unprocessed Action <ProcessMainGamepadInput(Gamepad { id: GamepadId(0), connected: true, pressed_bits: 0, axes: [0.0, 0.0, 0.0, 0.0], just_pressed_bits: 0 })>
[ WARN] : unprocessed Action <Tick>
[ WARN] : unprocessed Action <ProcessMainGamepadInput(Gamepad { id: GamepadId(0), connected: true, pressed_bits: 0, axes: [0.0, 0.0, 0.0, 0.0], just_pressed_bits: 0 })>
[ WARN] : unprocessed Action <Tick>
[ WARN] : unprocessed Action <TranslateRawEvent(Key(KeyEvent { code: Char('d'), modifiers: KeyModifiers(0x0), kind: Press, state: KeyEventState(0x0) }))>
[ WARN] : unprocessed Action <TranslateRawEvent(Key(KeyEvent { code: Char('d'), modifiers: KeyModifiers(0x0), kind: Release, state: KeyEventState(0x0) }))>
[ WARN] : unprocessed Action <ProcessMainGamepadInput(Gamepad { id: GamepadId(0), connected: true, pressed_bits: 0, axes: [0.0, 0.0, 0.0, 0.0], just_pressed_bits: 0 })>
[ WARN] : unprocessed Action <Tick>
[ WARN] : unprocessed Action <ProcessMainGamepadInput(Gamepad { id: GamepadId(0), connected: true, pressed_bits: 0, axes: [0.0, 0.0, 0.0, 0.0], just_pressed_bits: 0 })>
[ WARN] : unprocessed Action <Tick>
[ WARN] : unprocessed Action <ProcessMainGamepadInput(Gamepad { id: GamepadId(0), connected: true, pressed_bits: 0, axes: [0.0, 0.0, 0.0, 0.0], just_pressed_bits: 0 })>
[ WARN] : unprocessed Action <Tick>
[ WARN] : unprocessed Action <ProcessMainGamepadInput(Gamepad { id: GamepadId(0), connected: true, pressed_bits: 0, axes: [0.0, 0.0, 0.0, 0.0], just_pressed_bits: 0 })>
[ WARN] : unprocessed Action <Tick>
[ WARN] : unprocessed Action <ProcessMainGamepadInput(Gamepad { id: GamepadId(0), connected: true, pressed_bits: 0, axes: [0.0, 0.0, 0.0, 0.0], just_pressed_bits: 0 })>
[ WARN] : unprocessed Action <Tick>
[ WARN] : unprocessed Action <ProcessMainGamepadInput(Gamepad { id: GamepadId(0), connected: true, pressed_bits: 0, axes: [0.0, 0.0, 0.0, 0.0], just_pressed_bits: 0 })>
[ WARN] : unprocessed Action <Tick>
[TRACE] : Original event: Event { id: 0, event: AxisValueChanged(-32768, EvCode(EvCode { kind: Axis, index: 0 })), time: SystemTime { intervals: 133817872798331643 } }
[TRACE] : Original event: Event { id: 0, event: AxisValueChanged(-129, EvCode(EvCode { kind: Axis, index: 0 })), time: SystemTime { intervals: 133817872800075313 } }
[ WARN] : unprocessed Action <ProcessMainGamepadInput(Gamepad { id: GamepadId(0), connected: true, pressed_bits: 0, axes: [0.0, 0.0, 0.0, 0.0], just_pressed_bits: 0 })>
[ WARN] : unprocessed Action <Tick>
[ WARN] : unprocessed Action <ProcessMainGamepadInput(Gamepad { id: GamepadId(0), connected: true, pressed_bits: 0, axes: [0.0, 0.0, 0.0, 0.0], just_pressed_bits: 0 })>
[ WARN] : unprocessed Action <Tick>
[ WARN] : unprocessed Action <ProcessMainGamepadInput(Gamepad { id: GamepadId(0), connected: true, pressed_bits: 0, axes: [0.0, 0.0, 0.0, 0.0], just_pressed_bits: 0 })>
[ WARN] : unprocessed Action <Tick>
[ WARN] : unprocessed Action <ProcessMainGamepadInput(Gamepad { id: GamepadId(0), connected: true, pressed_bits: 0, axes: [0.0, 0.0, 0.0, 0.0], just_pressed_bits: 0 })>
[ WARN] : unprocessed Action <Tick>
[ WARN] : unprocessed Action <ProcessMainGamepadInput(Gamepad { id: GamepadId(0), connected: true, pressed_bits: 0, axes: [0.0, 0.0, 0.0, 0.0], just_pressed_bits: 0 })>
[ WARN] : unprocessed Action <Tick>
[TRACE] : Original event: Event { id: 0, event: AxisValueChanged(32767, EvCode(EvCode { kind: Axis, index: 0 })), time: SystemTime { intervals: 133817872815159016 } }
[TRACE] : Original event: Event { id: 0, event: AxisValueChanged(32767, EvCode(EvCode { kind: Axis, index: 1 })), time: SystemTime { intervals: 133817872815491897 } }
[ WARN] : unprocessed Action <ProcessMainGamepadInput(Gamepad { id: GamepadId(0), connected: true, pressed_bits: 0, axes: [1.0, -1.0, 0.0, 0.0], just_pressed_bits: 0 })>
[ WARN] : unprocessed Action <Tick>
[TRACE] : Original event: Event { id: 0, event: AxisValueChanged(-129, EvCode(EvCode { kind: Axis, index: 1 })), time: SystemTime { intervals: 133817872816523365 } }
[TRACE] : Original event: Event { id: 0, event: AxisValueChanged(-129, EvCode(EvCode { kind: Axis, index: 0 })), time: SystemTime { intervals: 133817872817036595 } }
[ WARN] : unprocessed Action <ProcessMainGamepadInput(Gamepad { id: GamepadId(0), connected: true, pressed_bits: 0, axes: [0.0, 0.0, 0.0, 0.0], just_pressed_bits: 0 })>
[ WARN] : unprocessed Action <Tick>
[ WARN] : unprocessed Action <ProcessMainGamepadInput(Gamepad { id: GamepadId(0), connected: true, pressed_bits: 0, axes: [0.0, 0.0, 0.0, 0.0], just_pressed_bits: 0 })>
[ WARN] : unprocessed Action <Tick>
[ WARN] : unprocessed Action <ProcessMainGamepadInput(Gamepad { id: GamepadId(0), connected: true, pressed_bits: 0, axes: [0.0, 0.0, 0.0, 0.0], just_pressed_bits: 0 })>
[ WARN] : unprocessed Action <Tick>
[ WARN] : unprocessed Action <ProcessMainGamepadInput(Gamepad { id: GamepadId(0), connected: true, pressed_bits: 0, axes: [0.0, 0.0, 0.0, 0.0], just_pressed_bits: 0 })>
[ WARN] : unprocessed Action <Tick>
[ WARN] : unprocessed Action <ProcessMainGamepadInput(Gamepad { id: GamepadId(0), connected: true, pressed_bits: 0, axes: [0.0, 0.0, 0.0, 0.0], just_pressed_bits: 0 })>
[ WARN] : unprocessed Action <Tick>
[ WARN] : unprocessed Action <ProcessMainGamepadInput(Gamepad { id: GamepadId(0), connected: true, pressed_bits: 0, axes: [0.0, 0.0, 0.0, 0.0], just_pressed_bits: 0 })>
[ WARN] : unprocessed Action <Tick>
[TRACE] : Original event: Event { id: 0, event: AxisValueChanged(-32768, EvCode(EvCode { kind: Axis, index: 1 })), time: SystemTime { intervals: 133817872836080153 } }
[ WARN] : unprocessed Action <ProcessMainGamepadInput(Gamepad { id: GamepadId(0), connected: true, pressed_bits: 0, axes: [0.0, 0.99996233, 0.0, 0.0], just_pressed_bits: 0 })>
[ WARN] : unprocessed Action <Tick>
[ WARN] : unprocessed Action <ProcessMainGamepadInput(Gamepad { id: GamepadId(0), connected: true, pressed_bits: 0, axes: [0.0, 0.99996233, 0.0, 0.0], just_pressed_bits: 0 })>
[ WARN] : unprocessed Action <Tick>
[TRACE] : Original event: Event { id: 0, event: AxisValueChanged(-32768, EvCode(EvCode { kind: Axis, index: 0 })), time: SystemTime { intervals: 133817872839996811 } }
[ WARN] : unprocessed Action <ProcessMainGamepadInput(Gamepad { id: GamepadId(0), connected: true, pressed_bits: 0, axes: [-0.9999661, 0.99996233, 0.0, 0.0], just_pressed_bits: 0 })>
[ WARN] : unprocessed Action <Tick>
[ WARN] : unprocessed Action <ProcessMainGamepadInput(Gamepad { id: GamepadId(0), connected: true, pressed_bits: 0, axes: [-0.9999661, 0.99996233, 0.0, 0.0], just_pressed_bits: 0 })>
[ WARN] : unprocessed Action <Tick>
[TRACE] : Original event: Event { id: 0, event: AxisValueChanged(-129, EvCode(EvCode { kind: Axis, index: 0 })), time: SystemTime { intervals: 133817872846157178 } }
[ WARN] : unprocessed Action <ProcessMainGamepadInput(Gamepad { id: GamepadId(0), connected: true, pressed_bits: 0, axes: [0.0, 0.99996233, 0.0, 0.0], just_pressed_bits: 0 })>
[ WARN] : unprocessed Action <Tick>
[TRACE] : Original event: Event { id: 0, event: AxisValueChanged(32767, EvCode(EvCode { kind: Axis, index: 0 })), time: SystemTime { intervals: 133817872850158047 } }
[ WARN] : unprocessed Action <ProcessMainGamepadInput(Gamepad { id: GamepadId(0), connected: true, pressed_bits: 0, axes: [1.0, 0.99996233, 0.0, 0.0], just_pressed_bits: 0 })>
[ WARN] : unprocessed Action <Tick>
[TRACE] : Original event: Event { id: 0, event: AxisValueChanged(-129, EvCode(EvCode { kind: Axis, index: 1 })), time: SystemTime { intervals: 133817872854312537 } }
[ WARN] : unprocessed Action <ProcessMainGamepadInput(Gamepad { id: GamepadId(0), connected: true, pressed_bits: 0, axes: [1.0, 0.0, 0.0, 0.0], just_pressed_bits: 0 })>
[ WARN] : unprocessed Action <Tick>
[TRACE] : Original event: Event { id: 0, event: AxisValueChanged(32767, EvCode(EvCode { kind: Axis, index: 1 })), time: SystemTime { intervals: 133817872856671117 } }
[ WARN] : unprocessed Action <ProcessMainGamepadInput(Gamepad { id: GamepadId(0), connected: true, pressed_bits: 0, axes: [1.0, -1.0, 0.0, 0.0], just_pressed_bits: 0 })>
[ WARN] : unprocessed Action <Tick>
[TRACE] : Original event: Event { id: 0, event: AxisValueChanged(-129, EvCode(EvCode { kind: Axis, index: 0 })), time: SystemTime { intervals: 133817872858156781 } }
[TRACE] : Original event: Event { id: 0, event: AxisValueChanged(-32768, EvCode(EvCode { kind: Axis, index: 0 })), time: SystemTime { intervals: 133817872860560930 } }
[ WARN] : unprocessed Action <ProcessMainGamepadInput(Gamepad { id: GamepadId(0), connected: true, pressed_bits: 0, axes: [-0.9999661, -1.0, 0.0, 0.0], just_pressed_bits: 0 })>
[ WARN] : unprocessed Action <Tick>
[ WARN] : unprocessed Action <ProcessMainGamepadInput(Gamepad { id: GamepadId(0), connected: true, pressed_bits: 0, axes: [-0.9999661, -1.0, 0.0, 0.0], just_pressed_bits: 0 })>
[ WARN] : unprocessed Action <Tick>
[TRACE] : Original event: Event { id: 0, event: AxisValueChanged(-129, EvCode(EvCode { kind: Axis, index: 0 })), time: SystemTime { intervals: 133817872865212357 } }
[TRACE] : Original event: Event { id: 0, event: AxisValueChanged(-129, EvCode(EvCode { kind: Axis, index: 1 })), time: SystemTime { intervals: 133817872865212364 } }
[ WARN] : unprocessed Action <ProcessMainGamepadInput(Gamepad { id: GamepadId(0), connected: true, pressed_bits: 0, axes: [0.0, 0.0, 0.0, 0.0], just_pressed_bits: 0 })>
[ WARN] : unprocessed Action <Tick>
[ WARN] : unprocessed Action <ProcessMainGamepadInput(Gamepad { id: GamepadId(0), connected: true, pressed_bits: 0, axes: [0.0, 0.0, 0.0, 0.0], just_pressed_bits: 0 })>
[ WARN] : unprocessed Action <Tick>
[ WARN] : unprocessed Action <ProcessMainGamepadInput(Gamepad { id: GamepadId(0), connected: true, pressed_bits: 0, axes: [0.0, 0.0, 0.0, 0.0], just_pressed_bits: 0 })>
[ WARN] : unprocessed Action <Tick>
[TRACE] : Original event: Event { id: 0, event: AxisValueChanged(-32768, EvCode(EvCode { kind: Axis, index: 0 })), time: SystemTime { intervals: 133817872874665912 } }
[ WARN] : unprocessed Action <ProcessMainGamepadInput(Gamepad { id: GamepadId(0), connected: true, pressed_bits: 0, axes: [-0.99996233, 0.0, 0.0, 0.0], just_pressed_bits: 0 })>
[ WARN] : unprocessed Action <Tick>
[ WARN] : unprocessed Action <ProcessMainGamepadInput(Gamepad { id: GamepadId(0), connected: true, pressed_bits: 0, axes: [-0.99996233, 0.0, 0.0, 0.0], just_pressed_bits: 0 })>
[ WARN] : unprocessed Action <Tick>
[TRACE] : Original event: Event { id: 0, event: AxisValueChanged(-129, EvCode(EvCode { kind: Axis, index: 0 })), time: SystemTime { intervals: 133817872879103561 } }
[ WARN] : unprocessed Action <ProcessMainGamepadInput(Gamepad { id: GamepadId(0), connected: true, pressed_bits: 0, axes: [0.0, 0.0, 0.0, 0.0], just_pressed_bits: 0 })>
[ WARN] : unprocessed Action <Tick>
[ WARN] : unprocessed Action <ProcessMainGamepadInput(Gamepad { id: GamepadId(0), connected: true, pressed_bits: 0, axes: [0.0, 0.0, 0.0, 0.0], just_pressed_bits: 0 })>
[ WARN] : unprocessed Action <Tick>
[ WARN] : unprocessed Action <ProcessMainGamepadInput(Gamepad { id: GamepadId(0), connected: true, pressed_bits: 0, axes: [0.0, 0.0, 0.0, 0.0], just_pressed_bits: 0 })>
[ WARN] : unprocessed Action <Tick>
[ WARN] : unprocessed Action <ProcessMainGamepadInput(Gamepad { id: GamepadId(0), connected: true, pressed_bits: 0, axes: [0.0, 0.0, 0.0, 0.0], just_pressed_bits: 0 })>
[ WARN] : unprocessed Action <Tick>
[TRACE] : Original event: Event { id: 0, event: AxisValueChanged(32767, EvCode(EvCode { kind: Axis, index: 0 })), time: SystemTime { intervals: 133817872891018707 } }
[TRACE] : Original event: Event { id: 0, event: AxisValueChanged(-129, EvCode(EvCode { kind: Axis, index: 0 })), time: SystemTime { intervals: 133817872892224920 } }
[ WARN] : unprocessed Action <ProcessMainGamepadInput(Gamepad { id: GamepadId(0), connected: true, pressed_bits: 0, axes: [0.0, 0.0, 0.0, 0.0], just_pressed_bits: 0 })>
[ WARN] : unprocessed Action <Tick>
[ WARN] : unprocessed Action <ProcessMainGamepadInput(Gamepad { id: GamepadId(0), connected: true, pressed_bits: 0, axes: [0.0, 0.0, 0.0, 0.0], just_pressed_bits: 0 })>
[ WARN] : unprocessed Action <Tick>
[ WARN] : unprocessed Action <ProcessMainGamepadInput(Gamepad { id: GamepadId(0), connected: true, pressed_bits: 0, axes: [0.0, 0.0, 0.0, 0.0], just_pressed_bits: 0 })>
[ WARN] : unprocessed Action <Tick>
[ WARN] : unprocessed Action <ProcessMainGamepadInput(Gamepad { id: GamepadId(0), connected: true, pressed_bits: 0, axes: [0.0, 0.0, 0.0, 0.0], just_pressed_bits: 0 })>
[ WARN] : unprocessed Action <Tick>
[TRACE] : Original event: Event { id: 0, event: AxisValueChanged(-32768, EvCode(EvCode { kind: Axis, index: 1 })), time: SystemTime { intervals: 133817872904165183 } }
[TRACE] : Original event: Event { id: 0, event: AxisValueChanged(-129, EvCode(EvCode { kind: Axis, index: 1 })), time: SystemTime { intervals: 133817872905708885 } }
[ WARN] : unprocessed Action <ProcessMainGamepadInput(Gamepad { id: GamepadId(0), connected: true, pressed_bits: 0, axes: [0.0, 0.0, 0.0, 0.0], just_pressed_bits: 0 })>
[ WARN] : unprocessed Action <Tick>
[ WARN] : unprocessed Action <ProcessMainGamepadInput(Gamepad { id: GamepadId(0), connected: true, pressed_bits: 0, axes: [0.0, 0.0, 0.0, 0.0], just_pressed_bits: 0 })>
[ WARN] : unprocessed Action <Tick>
[ WARN] : unprocessed Action <ProcessMainGamepadInput(Gamepad { id: GamepadId(0), connected: true, pressed_bits: 0, axes: [0.0, 0.0, 0.0, 0.0], just_pressed_bits: 0 })>
[ WARN] : unprocessed Action <Tick>
[ WARN] : unprocessed Action <ProcessMainGamepadInput(Gamepad { id: GamepadId(0), connected: true, pressed_bits: 0, axes: [0.0, 0.0, 0.0, 0.0], just_pressed_bits: 0 })>
[ WARN] : unprocessed Action <Tick>
[TRACE] : Original event: Event { id: 0, event: ButtonPressed(EvCode(EvCode { kind: Button, index: 7 })), time: SystemTime { intervals: 133817872915347795 } }
[TRACE] : Original event: Event { id: 0, event: ButtonReleased(EvCode(EvCode { kind: Button, index: 7 })), time: SystemTime { intervals: 133817872916540257 } }
[ WARN] : unprocessed Action <ProcessMainGamepadInput(Gamepad { id: GamepadId(0), connected: true, pressed_bits: 0, axes: [0.0, 0.0, 0.0, 0.0], just_pressed_bits: 128 })>
[ WARN] : unprocessed Action <Tick>
[TRACE] : Original event: Event { id: 0, event: ButtonPressed(EvCode(EvCode { kind: Button, index: 6 })), time: SystemTime { intervals: 133817872918521575 } }
[TRACE] : Original event: Event { id: 0, event: ButtonReleased(EvCode(EvCode { kind: Button, index: 6 })), time: SystemTime { intervals: 133817872920089412 } }
[TRACE] : Original event: Event { id: 0, event: ButtonPressed(EvCode(EvCode { kind: Button, index: 7 })), time: SystemTime { intervals: 133817872920533215 } }
[ WARN] : unprocessed Action <ProcessMainGamepadInput(Gamepad { id: GamepadId(0), connected: true, pressed_bits: 128, axes: [0.0, 0.0, 0.0, 0.0], just_pressed_bits: 192 })>
[ WARN] : unprocessed Action <Tick>
[TRACE] : Original event: Event { id: 0, event: ButtonReleased(EvCode(EvCode { kind: Button, index: 7 })), time: SystemTime { intervals: 133817872922535811 } }
[TRACE] : Original event: Event { id: 0, event: ButtonPressed(EvCode(EvCode { kind: Button, index: 6 })), time: SystemTime { intervals: 133817872923317654 } }
[ WARN] : unprocessed Action <ProcessMainGamepadInput(Gamepad { id: GamepadId(0), connected: true, pressed_bits: 64, axes: [0.0, 0.0, 0.0, 0.0], just_pressed_bits: 64 })>
[ WARN] : unprocessed Action <Tick>
[TRACE] : Original event: Event { id: 0, event: ButtonReleased(EvCode(EvCode { kind: Button, index: 6 })), time: SystemTime { intervals: 133817872924538881 } }
[TRACE] : Original event: Event { id: 0, event: ButtonPressed(EvCode(EvCode { kind: Button, index: 5 })), time: SystemTime { intervals: 133817872926111558 } }
[TRACE] : Original event: Event { id: 0, event: ButtonReleased(EvCode(EvCode { kind: Button, index: 5 })), time: SystemTime { intervals: 133817872926893285 } }
[ WARN] : unprocessed Action <ProcessMainGamepadInput(Gamepad { id: GamepadId(0), connected: true, pressed_bits: 0, axes: [0.0, 0.0, 0.0, 0.0], just_pressed_bits: 32 })>
[ WARN] : unprocessed Action <Tick>
[TRACE] : Original event: Event { id: 0, event: ButtonPressed(EvCode(EvCode { kind: Button, index: 4 })), time: SystemTime { intervals: 133817872928558531 } }
[TRACE] : Original event: Event { id: 0, event: ButtonReleased(EvCode(EvCode { kind: Button, index: 4 })), time: SystemTime { intervals: 133817872929684775 } }
[ WARN] : unprocessed Action <ProcessMainGamepadInput(Gamepad { id: GamepadId(0), connected: true, pressed_bits: 0, axes: [0.0, 0.0, 0.0, 0.0], just_pressed_bits: 16 })>
[ WARN] : unprocessed Action <Tick>
[TRACE] : Original event: Event { id: 0, event: ButtonPressed(EvCode(EvCode { kind: Button, index: 5 })), time: SystemTime { intervals: 133817872930475359 } }
[TRACE] : Original event: Event { id: 0, event: ButtonReleased(EvCode(EvCode { kind: Button, index: 5 })), time: SystemTime { intervals: 133817872932397205 } }
[ WARN] : unprocessed Action <ProcessMainGamepadInput(Gamepad { id: GamepadId(0), connected: true, pressed_bits: 0, axes: [0.0, 0.0, 0.0, 0.0], just_pressed_bits: 32 })>
[ WARN] : unprocessed Action <Tick>
[ WARN] : unprocessed Action <ProcessMainGamepadInput(Gamepad { id: GamepadId(0), connected: true, pressed_bits: 0, axes: [0.0, 0.0, 0.0, 0.0], just_pressed_bits: 0 })>
[ WARN] : unprocessed Action <Tick>
[ WARN] : unprocessed Action <ProcessMainGamepadInput(Gamepad { id: GamepadId(0), connected: true, pressed_bits: 0, axes: [0.0, 0.0, 0.0, 0.0], just_pressed_bits: 0 })>
[ WARN] : unprocessed Action <Tick>
[ WARN] : unprocessed Action <ProcessMainGamepadInput(Gamepad { id: GamepadId(0), connected: true, pressed_bits: 0, axes: [0.0, 0.0, 0.0, 0.0], just_pressed_bits: 0 })>
[ WARN] : unprocessed Action <Tick>
[ WARN] : unprocessed Action <ProcessMainGamepadInput(Gamepad { id: GamepadId(0), connected: true, pressed_bits: 0, axes: [0.0, 0.0, 0.0, 0.0], just_pressed_bits: 0 })>
[ WARN] : unprocessed Action <Tick>
[ WARN] : unprocessed Action <ProcessMainGamepadInput(Gamepad { id: GamepadId(0), connected: true, pressed_bits: 0, axes: [0.0, 0.0, 0.0, 0.0], just_pressed_bits: 0 })>
[ WARN] : unprocessed Action <Tick>
[ WARN] : unprocessed Action <ProcessMainGamepadInput(Gamepad { id: GamepadId(0), connected: true, pressed_bits: 0, axes: [0.0, 0.0, 0.0, 0.0], just_pressed_bits: 0 })>
[ WARN] : unprocessed Action <Tick>
[ WARN] : unprocessed Action <ProcessMainGamepadInput(Gamepad { id: GamepadId(0), connected: true, pressed_bits: 0, axes: [0.0, 0.0, 0.0, 0.0], just_pressed_bits: 0 })>
[ WARN] : unprocessed Action <Tick>
[TRACE] : Original event: Event { id: 0, event: ButtonPressed(EvCode(EvCode { kind: Button, index: 6 })), time: SystemTime { intervals: 133817872954778869 } }
[TRACE] : Original event: Event { id: 0, event: ButtonReleased(EvCode(EvCode { kind: Button, index: 6 })), time: SystemTime { intervals: 133817872955988116 } }
[ WARN] : unprocessed Action <ProcessMainGamepadInput(Gamepad { id: GamepadId(0), connected: true, pressed_bits: 0, axes: [0.0, 0.0, 0.0, 0.0], just_pressed_bits: 64 })>
[ WARN] : unprocessed Action <Tick>
[ WARN] : unprocessed Action <ProcessMainGamepadInput(Gamepad { id: GamepadId(0), connected: true, pressed_bits: 0, axes: [0.0, 0.0, 0.0, 0.0], just_pressed_bits: 0 })>
[ WARN] : unprocessed Action <Tick>
[ WARN] : unprocessed Action <ProcessMainGamepadInput(Gamepad { id: GamepadId(0), connected: true, pressed_bits: 0, axes: [0.0, 0.0, 0.0, 0.0], just_pressed_bits: 0 })>
[ WARN] : unprocessed Action <Tick>
[ WARN] : unprocessed Action <ProcessMainGamepadInput(Gamepad { id: GamepadId(0), connected: true, pressed_bits: 0, axes: [0.0, 0.0, 0.0, 0.0], just_pressed_bits: 0 })>
[ WARN] : unprocessed Action <Tick>
[ WARN] : unprocessed Action <ProcessMainGamepadInput(Gamepad { id: GamepadId(0), connected: true, pressed_bits: 0, axes: [0.0, 0.0, 0.0, 0.0], just_pressed_bits: 0 })>
[ WARN] : unprocessed Action <Tick>
[ WARN] : unprocessed Action <ProcessMainGamepadInput(Gamepad { id: GamepadId(0), connected: true, pressed_bits: 0, axes: [0.0, 0.0, 0.0, 0.0], just_pressed_bits: 0 })>
[ WARN] : unprocessed Action <Tick>
[ WARN] : unprocessed Action <ProcessMainGamepadInput(Gamepad { id: GamepadId(0), connected: true, pressed_bits: 0, axes: [0.0, 0.0, 0.0, 0.0], just_pressed_bits: 0 })>
[ WARN] : unprocessed Action <Tick>
[ WARN] : unprocessed Action <ProcessMainGamepadInput(Gamepad { id: GamepadId(0), connected: true, pressed_bits: 0, axes: [0.0, 0.0, 0.0, 0.0], just_pressed_bits: 0 })>
[ WARN] : unprocessed Action <Tick>
[ WARN] : unprocessed Action <ProcessMainGamepadInput(Gamepad { id: GamepadId(0), connected: true, pressed_bits: 0, axes: [0.0, 0.0, 0.0, 0.0], just_pressed_bits: 0 })>
[ WARN] : unprocessed Action <Tick>
[ WARN] : unprocessed Action <ProcessMainGamepadInput(Gamepad { id: GamepadId(0), connected: true, pressed_bits: 0, axes: [0.0, 0.0, 0.0, 0.0], just_pressed_bits: 0 })>
[ WARN] : unprocessed Action <Tick>
[ WARN] : unprocessed Action <ProcessMainGamepadInput(Gamepad { id: GamepadId(0), connected: true, pressed_bits: 0, axes: [0.0, 0.0, 0.0, 0.0], just_pressed_bits: 0 })>
[ WARN] : unprocessed Action <Tick>
[ WARN] : unprocessed Action <ProcessMainGamepadInput(Gamepad { id: GamepadId(0), connected: true, pressed_bits: 0, axes: [0.0, 0.0, 0.0, 0.0], just_pressed_bits: 0 })>
[ WARN] : unprocessed Action <Tick>
[ WARN] : exiting by <C-c>
[ WARN] : unprocessed Action <Quit>
[TRACE] : normal exit
[TRACE] :  - App::drop()
[TRACE] * ############
[TRACE] │ <-----
[TRACE] │ .
[TRACE] └  
